TN:
SF:src\hooks\use-camera-barcode-scanner.ts
FN:32,useCameraBarcodeScanner
FN:48,(anonymous_1)
FN:60,(anonymous_2)
FN:67,(anonymous_3)
FN:75,(anonymous_4)
FN:88,(anonymous_5)
FN:100,(anonymous_6)
FN:108,start
FN:120,(anonymous_8)
FN:162,(anonymous_9)
FN:204,(anonymous_10)
FN:221,(anonymous_11)
FNF:12
FNH:0
FNDA:0,useCameraBarcodeScanner
FNDA:0,(anonymous_1)
FNDA:0,(anonymous_2)
FNDA:0,(anonymous_3)
FNDA:0,(anonymous_4)
FNDA:0,(anonymous_5)
FNDA:0,(anonymous_6)
FNDA:0,start
FNDA:0,(anonymous_8)
FNDA:0,(anonymous_9)
FNDA:0,(anonymous_10)
FNDA:0,(anonymous_11)
DA:1,0
DA:30,0
DA:33,0
DA:34,0
DA:35,0
DA:36,0
DA:37,0
DA:38,0
DA:39,0
DA:40,0
DA:41,0
DA:42,0
DA:43,0
DA:44,0
DA:45,0
DA:46,0
DA:48,0
DA:50,0
DA:51,0
DA:52,0
DA:53,0
DA:54,0
DA:55,0
DA:60,0
DA:61,0
DA:62,0
DA:63,0
DA:64,0
DA:65,0
DA:66,0
DA:67,0
DA:68,0
DA:69,0
DA:70,0
DA:71,0
DA:72,0
DA:75,0
DA:76,0
DA:77,0
DA:78,0
DA:79,0
DA:81,0
DA:82,0
DA:88,0
DA:89,0
DA:90,0
DA:91,0
DA:93,0
DA:94,0
DA:100,0
DA:101,0
DA:102,0
DA:103,0
DA:106,0
DA:109,0
DA:110,0
DA:111,0
DA:119,0
DA:120,0
DA:121,0
DA:123,0
DA:124,0
DA:126,0
DA:128,0
DA:133,0
DA:136,0
DA:137,0
DA:138,0
DA:139,0
DA:142,0
DA:143,0
DA:144,0
DA:147,0
DA:148,0
DA:149,0
DA:150,0
DA:151,0
DA:153,0
DA:154,0
DA:155,0
DA:158,0
DA:159,0
DA:160,0
DA:162,0
DA:163,0
DA:164,0
DA:165,0
DA:166,0
DA:167,0
DA:168,0
DA:170,0
DA:171,0
DA:172,0
DA:173,0
DA:176,0
DA:177,0
DA:178,0
DA:179,0
DA:180,0
DA:181,0
DA:182,0
DA:183,0
DA:185,0
DA:186,0
DA:187,0
DA:189,0
DA:190,0
DA:196,0
DA:197,0
DA:198,0
DA:202,0
DA:204,0
DA:205,0
DA:206,0
DA:211,0
DA:221,0
LF:116
LH:0
BRDA:32,0,0,0
BRDA:32,1,0,0
BRDA:53,2,0,0
BRDA:53,2,1,0
BRDA:53,3,0,0
BRDA:53,3,1,0
BRDA:61,4,0,0
BRDA:61,4,1,0
BRDA:77,5,0,0
BRDA:77,5,1,0
BRDA:90,6,0,0
BRDA:90,6,1,0
BRDA:101,7,0,0
BRDA:101,7,1,0
BRDA:119,8,0,0
BRDA:119,8,1,0
BRDA:137,9,0,0
BRDA:137,9,1,0
BRDA:142,10,0,0
BRDA:142,10,1,0
BRDA:153,11,0,0
BRDA:153,11,1,0
BRDA:153,12,0,0
BRDA:153,12,1,0
BRDA:153,12,2,0
BRDA:158,13,0,0
BRDA:158,13,1,0
BRDA:165,14,0,0
BRDA:165,14,1,0
BRDA:165,15,0,0
BRDA:165,15,1,0
BRDA:165,15,2,0
BRDA:170,16,0,0
BRDA:170,16,1,0
BRDA:172,17,0,0
BRDA:172,17,1,0
BRDA:176,18,0,0
BRDA:176,18,1,0
BRDA:179,19,0,0
BRDA:179,19,1,0
BRDA:179,20,0,0
BRDA:179,20,1,0
BRDA:190,21,0,0
BRDA:190,21,1,0
BRDA:196,22,0,0
BRDA:196,22,1,0
BRDA:198,23,0,0
BRDA:198,23,1,0
BRF:48
BRH:0
end_of_record
TN:
SF:src\hooks\use-camera-permission.ts
FN:22,useCameraPermission
FN:25,(anonymous_1)
FN:31,(anonymous_2)
FN:34,(anonymous_3)
FN:36,(anonymous_4)
FN:38,(anonymous_5)
FNF:6
FNH:0
FNDA:0,useCameraPermission
FNDA:0,(anonymous_1)
FNDA:0,(anonymous_2)
FNDA:0,(anonymous_3)
FNDA:0,(anonymous_4)
FNDA:0,(anonymous_5)
DA:1,0
DA:23,0
DA:25,0
DA:26,0
DA:27,0
DA:29,0
DA:32,0
DA:33,0
DA:34,0
DA:36,0
DA:38,0
DA:39,0
DA:43,0
LF:13
LH:0
BRDA:26,0,0,0
BRDA:26,0,1,0
BRDA:39,1,0,0
BRDA:39,1,1,0
BRF:4
BRH:0
end_of_record
TN:
SF:src\hooks\use-currency.ts
FN:9,readCurrency
FN:16,useCurrency
FN:19,(anonymous_2)
FN:21,(anonymous_3)
FN:23,(anonymous_4)
FN:26,(anonymous_5)
FN:38,useFormatCurrency
FN:40,(anonymous_7)
FNF:8
FNH:7
FNDA:12,readCurrency
FNDA:12,useCurrency
FNDA:5,(anonymous_2)
FNDA:7,(anonymous_3)
FNDA:0,(anonymous_4)
FNDA:2,(anonymous_5)
FNDA:2,useFormatCurrency
FNDA:1,(anonymous_7)
DA:1,1
DA:6,1
DA:7,1
DA:10,12
DA:11,12
DA:12,12
DA:17,12
DA:19,12
DA:20,5
DA:21,7
DA:22,5
DA:23,5
DA:26,12
DA:27,2
DA:28,2
DA:29,2
DA:32,12
DA:39,2
DA:40,2
LF:19
LH:19
BRDA:10,0,0,0
BRDA:10,0,1,12
BRDA:12,1,0,7
BRDA:12,1,1,5
BRDA:12,2,0,12
BRDA:12,2,1,4
BRF:6
BRH:5
end_of_record
TN:
SF:src\hooks\use-current-employee.ts
FN:12,readCurrentEmployee
FN:31,useCurrentEmployee
FN:34,(anonymous_2)
FN:36,(anonymous_3)
FN:38,(anonymous_4)
FN:41,(anonymous_5)
FNF:6
FNH:0
FNDA:0,readCurrentEmployee
FNDA:0,useCurrentEmployee
FNDA:0,(anonymous_2)
FNDA:0,(anonymous_3)
FNDA:0,(anonymous_4)
FNDA:0,(anonymous_5)
DA:1,0
DA:10,0
DA:13,0
DA:14,0
DA:15,0
DA:16,0
DA:17,0
DA:18,0
DA:19,0
DA:21,0
DA:32,0
DA:34,0
DA:35,0
DA:36,0
DA:37,0
DA:38,0
DA:41,0
DA:42,0
DA:43,0
DA:45,0
DA:47,0
DA:48,0
DA:51,0
LF:23
LH:0
BRDA:13,0,0,0
BRDA:13,0,1,0
BRDA:15,1,0,0
BRDA:15,1,1,0
BRDA:18,2,0,0
BRDA:18,2,1,0
BRDA:18,3,0,0
BRDA:18,3,1,0
BRDA:18,3,2,0
BRDA:42,4,0,0
BRDA:42,4,1,0
BRF:11
BRH:0
end_of_record
TN:
SF:src\hooks\use-debounced-value.ts
FN:6,useDebouncedValue
FN:9,(anonymous_1)
FN:10,(anonymous_2)
FN:11,(anonymous_3)
FNF:4
FNH:0
FNDA:0,useDebouncedValue
FNDA:0,(anonymous_1)
FNDA:0,(anonymous_2)
FNDA:0,(anonymous_3)
DA:1,0
DA:7,0
DA:9,0
DA:10,0
DA:11,0
DA:14,0
LF:6
LH:0
BRDA:6,0,0,0
BRF:1
BRH:0
end_of_record
TN:
SF:src\hooks\use-employees.ts
FN:10,useEmployees
FN:14,useCreateEmployee
FN:17,(anonymous_2)
FN:18,(anonymous_3)
FN:22,(anonymous_4)
FN:26,useUpdateEmployee
FN:29,(anonymous_6)
FN:31,(anonymous_7)
FN:35,(anonymous_8)
FN:39,useDeleteEmployee
FN:42,(anonymous_10)
FN:43,(anonymous_11)
FN:46,(anonymous_12)
FN:46,(anonymous_13)
FN:49,(anonymous_14)
FN:53,(anonymous_15)
FN:54,(anonymous_16)
FNF:17
FNH:0
FNDA:0,useEmployees
FNDA:0,useCreateEmployee
FNDA:0,(anonymous_2)
FNDA:0,(anonymous_3)
FNDA:0,(anonymous_4)
FNDA:0,useUpdateEmployee
FNDA:0,(anonymous_6)
FNDA:0,(anonymous_7)
FNDA:0,(anonymous_8)
FNDA:0,useDeleteEmployee
FNDA:0,(anonymous_10)
FNDA:0,(anonymous_11)
FNDA:0,(anonymous_12)
FNDA:0,(anonymous_13)
FNDA:0,(anonymous_14)
FNDA:0,(anonymous_15)
FNDA:0,(anonymous_16)
DA:1,0
DA:8,0
DA:11,0
DA:15,0
DA:16,0
DA:17,0
DA:19,0
DA:20,0
DA:22,0
DA:27,0
DA:28,0
DA:30,0
DA:32,0
DA:33,0
DA:35,0
DA:40,0
DA:41,0
DA:42,0
DA:44,0
DA:45,0
DA:46,0
DA:47,0
DA:50,0
DA:51,0
DA:53,0
DA:54,0
LF:26
LH:0
BRF:0
BRH:0
end_of_record
TN:
SF:src\hooks\use-hardware-barcode-scanner.ts
FN:19,useHardwareBarcodeScanner
FN:28,(anonymous_1)
FN:31,(anonymous_2)
FN:66,(anonymous_3)
FNF:4
FNH:3
FNDA:5,useHardwareBarcodeScanner
FNDA:5,(anonymous_1)
FNDA:166,(anonymous_2)
FNDA:0,(anonymous_3)
DA:1,1
DA:25,5
DA:26,5
DA:28,5
DA:29,5
DA:31,4
DA:32,166
DA:34,166
DA:37,166
DA:38,166
DA:39,166
DA:41,166
DA:42,30
DA:45,166
DA:46,14
DA:47,14
DA:48,14
DA:49,9
DA:52,4
DA:54,5
DA:55,5
DA:57,10
DA:60,152
DA:61,152
DA:65,4
DA:66,4
LF:26
LH:26
BRDA:21,0,0,5
BRDA:22,1,0,5
BRDA:23,2,0,5
BRDA:29,3,0,1
BRDA:29,3,1,4
BRDA:34,4,0,166
BRDA:34,4,1,166
BRDA:34,4,2,110
BRDA:34,4,3,110
BRDA:41,5,0,30
BRDA:41,5,1,136
BRDA:45,6,0,14
BRDA:45,6,1,152
BRDA:48,7,0,9
BRDA:48,7,1,5
BRDA:48,8,0,14
BRDA:48,8,1,9
BRDA:49,9,0,4
BRDA:49,9,1,5
BRDA:60,10,0,152
BRDA:60,10,1,0
BRF:21
BRH:20
end_of_record
TN:
SF:src\hooks\use-held-sales.ts
FN:8,useHeldSales
FN:11,(anonymous_1)
FN:13,(anonymous_2)
FN:16,(anonymous_3)
FN:19,(anonymous_4)
FN:28,(anonymous_5)
FNF:6
FNH:5
FNDA:14,useHeldSales
FNDA:14,(anonymous_1)
FNDA:3,(anonymous_2)
FNDA:0,(anonymous_3)
FNDA:2,(anonymous_4)
FNDA:1,(anonymous_5)
DA:1,1
DA:9,14
DA:11,14
DA:13,14
DA:14,3
DA:15,3
DA:16,3
DA:19,14
DA:21,2
DA:22,2
DA:23,2
DA:28,14
DA:30,1
DA:31,1
DA:36,14
LF:15
LH:15
BRF:0
BRH:0
end_of_record
TN:
SF:src\hooks\use-infinite-list.ts
FN:13,useInfiniteList
FN:19,(anonymous_1)
FN:23,(anonymous_2)
FN:26,(anonymous_3)
FN:29,(anonymous_4)
FN:35,(anonymous_5)
FN:38,(anonymous_6)
FN:40,(anonymous_7)
FN:40,(anonymous_8)
FNF:9
FNH:0
FNDA:0,useInfiniteList
FNDA:0,(anonymous_1)
FNDA:0,(anonymous_2)
FNDA:0,(anonymous_3)
FNDA:0,(anonymous_4)
FNDA:0,(anonymous_5)
FNDA:0,(anonymous_6)
FNDA:0,(anonymous_7)
FNDA:0,(anonymous_8)
DA:1,0
DA:14,0
DA:15,0
DA:19,0
DA:20,0
DA:23,0
DA:24,0
DA:25,0
DA:26,0
DA:28,0
DA:29,0
DA:34,0
DA:35,0
DA:38,0
DA:39,0
DA:40,0
DA:42,0
LF:17
LH:0
BRDA:13,0,0,0
BRDA:25,1,0,0
BRDA:25,1,1,0
BRDA:28,2,0,0
BRDA:28,2,1,0
BRF:5
BRH:0
end_of_record
TN:
SF:src\hooks\use-low-stock-threshold.ts
FN:8,readThreshold
FN:21,useLowStockThreshold
FN:24,(anonymous_2)
FN:26,(anonymous_3)
FN:28,(anonymous_4)
FN:31,(anonymous_5)
FNF:6
FNH:5
FNDA:13,readThreshold
FNDA:12,useLowStockThreshold
FNDA:4,(anonymous_2)
FNDA:9,(anonymous_3)
FNDA:0,(anonymous_4)
FNDA:3,(anonymous_5)
DA:1,1
DA:6,1
DA:9,13
DA:10,13
DA:11,13
DA:12,13
DA:22,12
DA:24,12
DA:25,4
DA:26,9
DA:27,4
DA:28,4
DA:31,12
DA:32,3
DA:33,3
DA:34,3
DA:35,3
DA:38,12
LF:18
LH:18
BRDA:9,0,0,0
BRDA:9,0,1,13
BRDA:11,1,0,9
BRDA:11,1,1,4
BRDA:12,2,0,9
BRDA:12,2,1,4
BRDA:12,3,0,13
BRDA:12,3,1,9
BRDA:32,4,0,2
BRDA:32,4,1,1
BRDA:32,5,0,3
BRDA:32,5,1,2
BRF:12
BRH:11
end_of_record
TN:
SF:src\hooks\use-offline-sale-queue.ts
FN:12,useOfflineSaleQueue
FN:19,(anonymous_1)
FN:21,(anonymous_2)
FN:24,(anonymous_3)
FN:27,(anonymous_4)
FN:60,(anonymous_5)
FNF:6
FNH:0
FNDA:0,useOfflineSaleQueue
FNDA:0,(anonymous_1)
FNDA:0,(anonymous_2)
FNDA:0,(anonymous_3)
FNDA:0,(anonymous_4)
FNDA:0,(anonymous_5)
DA:1,0
DA:13,0
DA:14,0
DA:15,0
DA:16,0
DA:17,0
DA:19,0
DA:21,0
DA:22,0
DA:23,0
DA:24,0
DA:27,0
DA:31,0
DA:32,0
DA:33,0
DA:35,0
DA:36,0
DA:37,0
DA:39,0
DA:40,0
DA:41,0
DA:42,0
DA:43,0
DA:45,0
DA:49,0
DA:50,0
DA:51,0
DA:54,0
DA:55,0
DA:56,0
DA:60,0
DA:61,0
DA:64,0
LF:33
LH:0
BRDA:31,0,0,0
BRDA:31,0,1,0
BRDA:33,1,0,0
BRDA:33,1,1,0
BRDA:49,2,0,0
BRDA:49,2,1,0
BRDA:51,3,0,0
BRDA:51,3,1,0
BRDA:61,4,0,0
BRDA:61,4,1,0
BRF:10
BRH:0
end_of_record
TN:
SF:src\hooks\use-online-status.ts
FN:6,useOnlineStatus
FN:9,(anonymous_1)
FN:11,(anonymous_2)
FN:12,(anonymous_3)
FN:15,(anonymous_4)
FNF:5
FNH:0
FNDA:0,useOnlineStatus
FNDA:0,(anonymous_1)
FNDA:0,(anonymous_2)
FNDA:0,(anonymous_3)
FNDA:0,(anonymous_4)
DA:1,0
DA:7,0
DA:9,0
DA:10,0
DA:11,0
DA:12,0
DA:13,0
DA:14,0
DA:15,0
DA:16,0
DA:17,0
DA:21,0
LF:12
LH:0
BRF:0
BRH:0
end_of_record
TN:
SF:src\hooks\use-products.ts
FN:12,useProducts
FN:20,useProduct
FN:23,(anonymous_2)
FN:29,useBarcodeIndex
FN:31,(anonymous_4)
FN:34,useCreateProduct
FN:37,(anonymous_6)
FN:38,(anonymous_7)
FN:39,(anonymous_8)
FN:42,(anonymous_9)
FN:46,useBulkCreateProducts
FN:49,(anonymous_11)
FN:50,(anonymous_12)
FN:51,(anonymous_13)
FN:54,(anonymous_14)
FN:58,useUpdateProduct
FN:61,(anonymous_16)
FN:63,(anonymous_17)
FN:67,(anonymous_18)
FN:71,useDeleteProduct
FN:74,(anonymous_20)
FN:75,(anonymous_21)
FN:78,(anonymous_22)
FN:78,(anonymous_23)
FN:81,(anonymous_24)
FN:85,(anonymous_25)
FN:86,(anonymous_26)
FN:90,useIncrementProductQuantity
FN:93,(anonymous_28)
FN:94,(anonymous_29)
FN:95,(anonymous_30)
FN:96,(anonymous_31)
FN:100,(anonymous_32)
FNF:33
FNH:0
FNDA:0,useProducts
FNDA:0,useProduct
FNDA:0,(anonymous_2)
FNDA:0,useBarcodeIndex
FNDA:0,(anonymous_4)
FNDA:0,useCreateProduct
FNDA:0,(anonymous_6)
FNDA:0,(anonymous_7)
FNDA:0,(anonymous_8)
FNDA:0,(anonymous_9)
FNDA:0,useBulkCreateProducts
FNDA:0,(anonymous_11)
FNDA:0,(anonymous_12)
FNDA:0,(anonymous_13)
FNDA:0,(anonymous_14)
FNDA:0,useUpdateProduct
FNDA:0,(anonymous_16)
FNDA:0,(anonymous_17)
FNDA:0,(anonymous_18)
FNDA:0,useDeleteProduct
FNDA:0,(anonymous_20)
FNDA:0,(anonymous_21)
FNDA:0,(anonymous_22)
FNDA:0,(anonymous_23)
FNDA:0,(anonymous_24)
FNDA:0,(anonymous_25)
FNDA:0,(anonymous_26)
FNDA:0,useIncrementProductQuantity
FNDA:0,(anonymous_28)
FNDA:0,(anonymous_29)
FNDA:0,(anonymous_30)
FNDA:0,(anonymous_31)
FNDA:0,(anonymous_32)
DA:1,0
DA:10,0
DA:13,0
DA:21,0
DA:23,0
DA:30,0
DA:31,0
DA:35,0
DA:36,0
DA:37,0
DA:39,0
DA:40,0
DA:42,0
DA:47,0
DA:48,0
DA:49,0
DA:51,0
DA:52,0
DA:54,0
DA:59,0
DA:60,0
DA:62,0
DA:64,0
DA:65,0
DA:67,0
DA:72,0
DA:73,0
DA:74,0
DA:76,0
DA:77,0
DA:78,0
DA:79,0
DA:82,0
DA:83,0
DA:85,0
DA:86,0
DA:91,0
DA:92,0
DA:93,0
DA:95,0
DA:96,0
DA:98,0
DA:100,0
LF:43
LH:0
BRDA:31,0,0,0
BRDA:31,0,1,0
BRDA:39,1,0,0
BRDA:39,1,1,0
BRDA:51,2,0,0
BRDA:51,2,1,0
BRDA:52,3,0,0
BRDA:52,3,1,0
BRDA:96,4,0,0
BRDA:96,4,1,0
BRF:10
BRH:0
end_of_record
TN:
SF:src\hooks\use-sales.ts
FN:10,useSales
FN:14,useSale
FN:17,(anonymous_2)
FN:22,useCreateSale
FN:25,(anonymous_4)
FN:26,(anonymous_5)
FN:35,useDeleteSale
FN:38,(anonymous_7)
FN:39,(anonymous_8)
FN:42,(anonymous_9)
FN:42,(anonymous_10)
FN:45,(anonymous_11)
FN:49,(anonymous_12)
FN:50,(anonymous_13)
FN:54,useRefundSale
FN:57,(anonymous_15)
FN:66,(anonymous_16)
FN:71,(anonymous_17)
FNF:18
FNH:0
FNDA:0,useSales
FNDA:0,useSale
FNDA:0,(anonymous_2)
FNDA:0,useCreateSale
FNDA:0,(anonymous_4)
FNDA:0,(anonymous_5)
FNDA:0,useDeleteSale
FNDA:0,(anonymous_7)
FNDA:0,(anonymous_8)
FNDA:0,(anonymous_9)
FNDA:0,(anonymous_10)
FNDA:0,(anonymous_11)
FNDA:0,(anonymous_12)
FNDA:0,(anonymous_13)
FNDA:0,useRefundSale
FNDA:0,(anonymous_15)
FNDA:0,(anonymous_16)
FNDA:0,(anonymous_17)
DA:1,0
DA:8,0
DA:11,0
DA:15,0
DA:17,0
DA:23,0
DA:24,0
DA:25,0
DA:27,0
DA:36,0
DA:37,0
DA:38,0
DA:40,0
DA:41,0
DA:42,0
DA:43,0
DA:46,0
DA:47,0
DA:49,0
DA:50,0
DA:55,0
DA:56,0
DA:65,0
DA:67,0
DA:68,0
DA:69,0
DA:71,0
LF:27
LH:0
BRF:0
BRH:0
end_of_record
TN:
SF:src\hooks\use-scanner-engine-preference.ts
FN:9,readEngine
FN:15,useScannerEnginePreference
FN:18,(anonymous_2)
FN:20,(anonymous_3)
FN:22,(anonymous_4)
FN:25,(anonymous_5)
FNF:6
FNH:0
FNDA:0,readEngine
FNDA:0,useScannerEnginePreference
FNDA:0,(anonymous_2)
FNDA:0,(anonymous_3)
FNDA:0,(anonymous_4)
FNDA:0,(anonymous_5)
DA:1,0
DA:6,0
DA:7,0
DA:10,0
DA:11,0
DA:12,0
DA:16,0
DA:18,0
DA:19,0
DA:20,0
DA:21,0
DA:22,0
DA:25,0
DA:26,0
DA:27,0
DA:28,0
DA:31,0
LF:17
LH:0
BRDA:10,0,0,0
BRDA:10,0,1,0
BRDA:12,1,0,0
BRDA:12,1,1,0
BRDA:12,2,0,0
BRDA:12,2,1,0
BRDA:12,2,2,0
BRDA:12,2,3,0
BRF:8
BRH:0
end_of_record
TN:
SF:src\lib\nav.ts
FN:35,isNavItemActive
FNF:1
FNH:1
FNDA:7,isNavItemActive
DA:10,1
DA:21,1
DA:36,7
DA:37,5
LF:4
LH:4
BRDA:36,0,0,2
BRDA:36,0,1,5
BRDA:37,1,0,5
BRDA:37,1,1,3
BRF:4
BRH:4
end_of_record
TN:
SF:src\lib\firebase\client.ts
FN:4,requireEnv
FN:11,getFirebaseConfig
FN:23,getFirebaseApp
FN:30,getDb
FN:38,constructor
FNF:5
FNH:0
FNDA:0,requireEnv
FNDA:0,getFirebaseConfig
FNDA:0,getFirebaseApp
FNDA:0,getDb
FNDA:0,constructor
DA:5,0
DA:6,0
DA:8,0
DA:12,0
DA:24,0
DA:27,0
DA:31,0
DA:32,0
DA:34,0
DA:39,0
DA:40,0
DA:41,0
LF:12
LH:0
BRDA:5,0,0,0
BRDA:5,0,1,0
BRDA:24,1,0,0
BRDA:24,1,1,0
BRDA:31,2,0,0
BRDA:31,2,1,0
BRF:6
BRH:0
end_of_record
TN:
SF:src\lib\firebase\employees.ts
FN:7,getEmployees
FN:13,(anonymous_1)
FN:14,(anonymous_2)
FN:20,createEmployee
FN:31,updateEmployee
FN:39,deleteEmployee
FNF:6
FNH:0
FNDA:0,getEmployees
FNDA:0,(anonymous_1)
FNDA:0,(anonymous_2)
FNDA:0,createEmployee
FNDA:0,updateEmployee
FNDA:0,deleteEmployee
DA:5,0
DA:8,0
DA:9,0
DA:10,0
DA:11,0
DA:12,0
DA:13,0
DA:14,0
DA:16,0
DA:21,0
DA:22,0
DA:23,0
DA:24,0
DA:25,0
DA:27,0
DA:32,0
DA:33,0
DA:35,0
DA:40,0
DA:41,0
DA:43,0
LF:21
LH:0
BRDA:11,0,0,0
BRDA:11,0,1,0
BRF:2
BRH:0
end_of_record
TN:
SF:src\lib\firebase\products.ts
FN:14,normalizeProduct
FN:33,buildPayload
FN:47,getProducts
FN:52,(anonymous_3)
FN:58,getProduct
FN:68,createProduct
FN:82,bulkCreateProducts
FN:100,updateProduct
FN:115,deleteProduct
FN:123,incrementProductQuantity
FN:125,(anonymous_10)
FNF:11
FNH:0
FNDA:0,normalizeProduct
FNDA:0,buildPayload
FNDA:0,getProducts
FNDA:0,(anonymous_3)
FNDA:0,getProduct
FNDA:0,createProduct
FNDA:0,bulkCreateProducts
FNDA:0,updateProduct
FNDA:0,deleteProduct
FNDA:0,incrementProductQuantity
FNDA:0,(anonymous_10)
DA:5,0
DA:15,0
DA:34,0
DA:48,0
DA:49,0
DA:50,0
DA:51,0
DA:52,0
DA:54,0
DA:59,0
DA:60,0
DA:61,0
DA:62,0
DA:64,0
DA:69,0
DA:70,0
DA:71,0
DA:72,0
DA:73,0
DA:74,0
DA:75,0
DA:77,0
DA:83,0
DA:84,0
DA:85,0
DA:86,0
DA:87,0
DA:88,0
DA:89,0
DA:90,0
DA:91,0
DA:93,0
DA:94,0
DA:96,0
DA:101,0
DA:102,0
DA:103,0
DA:104,0
DA:106,0
DA:107,0
DA:109,0
DA:111,0
DA:116,0
DA:117,0
DA:119,0
DA:124,0
DA:125,0
DA:126,0
DA:127,0
DA:129,0
LF:50
LH:0
BRDA:18,0,0,0
BRDA:18,0,1,0
BRDA:19,1,0,0
BRDA:19,1,1,0
BRDA:20,2,0,0
BRDA:20,2,1,0
BRDA:21,3,0,0
BRDA:21,3,1,0
BRDA:23,4,0,0
BRDA:23,4,1,0
BRDA:24,5,0,0
BRDA:24,5,1,0
BRDA:25,6,0,0
BRDA:25,6,1,0
BRDA:26,7,0,0
BRDA:26,7,1,0
BRDA:27,8,0,0
BRDA:27,8,1,0
BRDA:40,9,0,0
BRDA:40,9,1,0
BRDA:41,10,0,0
BRDA:41,10,1,0
BRDA:42,11,0,0
BRDA:42,11,1,0
BRDA:51,12,0,0
BRDA:51,12,1,0
BRDA:61,13,0,0
BRDA:61,13,1,0
BRDA:103,14,0,0
BRDA:103,14,1,0
BRDA:106,15,0,0
BRDA:106,15,1,0
BRDA:107,16,0,0
BRDA:107,16,1,0
BRDA:125,17,0,0
BRDA:125,17,1,0
BRDA:126,18,0,0
BRDA:126,18,1,0
BRDA:127,19,0,0
BRDA:127,19,1,0
BRF:40
BRH:0
end_of_record
TN:
SF:src\lib\firebase\sales.ts
FN:8,getSales
FN:14,(anonymous_1)
FN:15,(anonymous_2)
FN:21,getSale
FN:31,createSale
FN:45,deleteSale
FN:53,refundSale
FNF:7
FNH:0
FNDA:0,getSales
FNDA:0,(anonymous_1)
FNDA:0,(anonymous_2)
FNDA:0,getSale
FNDA:0,createSale
FNDA:0,deleteSale
FNDA:0,refundSale
DA:6,0
DA:9,0
DA:10,0
DA:11,0
DA:12,0
DA:13,0
DA:14,0
DA:15,0
DA:17,0
DA:22,0
DA:23,0
DA:24,0
DA:25,0
DA:27,0
DA:32,0
DA:33,0
DA:34,0
DA:35,0
DA:36,0
DA:38,0
DA:39,0
DA:41,0
DA:46,0
DA:47,0
DA:49,0
DA:58,0
DA:59,0
DA:60,0
DA:61,0
DA:62,0
DA:64,0
LF:31
LH:0
BRDA:12,0,0,0
BRDA:12,0,1,0
BRDA:24,1,0,0
BRDA:24,1,1,0
BRDA:38,2,0,0
BRDA:38,2,1,0
BRDA:38,3,0,0
BRDA:38,3,1,0
BRF:8
BRH:0
end_of_record
TN:
SF:src\lib\firebase\auth\auth.ts
FN:11,requireEnv
FN:18,getFirebaseConfig
FN:30,getFirebaseApp
FN:34,getFirebaseAuth
FN:40,subscribeToAuthChanges
FN:44,signIn
FN:49,signUp
FN:54,signOutUser
FNF:8
FNH:0
FNDA:0,requireEnv
FNDA:0,getFirebaseConfig
FNDA:0,getFirebaseApp
FNDA:0,getFirebaseAuth
FNDA:0,subscribeToAuthChanges
FNDA:0,signIn
FNDA:0,signUp
FNDA:0,signOutUser
DA:12,0
DA:13,0
DA:15,0
DA:19,0
DA:31,0
DA:35,0
DA:41,0
DA:45,0
DA:46,0
DA:50,0
DA:51,0
DA:55,0
LF:12
LH:0
BRDA:12,0,0,0
BRDA:12,0,1,0
BRDA:31,1,0,0
BRDA:31,1,1,0
BRF:4
BRH:0
end_of_record
TN:
SF:src\lib\offline\sale-queue.ts
FN:11,read
FN:21,write
FN:26,getQueuedSales
FN:32,enqueueSale
FN:45,dequeueSale
FN:46,(anonymous_5)
FNF:6
FNH:0
FNDA:0,read
FNDA:0,write
FNDA:0,getQueuedSales
FNDA:0,enqueueSale
FNDA:0,dequeueSale
FNDA:0,(anonymous_5)
DA:3,0
DA:12,0
DA:13,0
DA:14,0
DA:15,0
DA:17,0
DA:22,0
DA:23,0
DA:27,0
DA:33,0
DA:38,0
DA:39,0
DA:40,0
DA:41,0
DA:46,0
LF:15
LH:0
BRDA:12,0,0,0
BRDA:12,0,1,0
BRDA:15,1,0,0
BRDA:15,1,1,0
BRDA:34,2,0,0
BRDA:34,2,1,0
BRDA:34,3,0,0
BRDA:34,3,1,0
BRF:8
BRH:0
end_of_record
TN:
SF:src\lib\pos\held-sales.ts
FN:6,read
FN:16,write
FN:21,getHeldSales
FN:28,holdSale
FN:39,removeHeldSale
FN:40,(anonymous_5)
FNF:6
FNH:6
FNDA:26,read
FNDA:9,write
FNDA:17,getHeldSales
FNDA:7,holdSale
FNDA:2,removeHeldSale
FNDA:3,(anonymous_5)
DA:4,2
DA:7,26
DA:8,26
DA:9,26
DA:10,26
DA:12,0
DA:17,9
DA:18,9
DA:22,17
DA:29,7
DA:35,7
DA:36,7
DA:40,3
LF:13
LH:12
BRDA:7,0,0,0
BRDA:7,0,1,26
BRDA:10,1,0,18
BRDA:10,1,1,8
BRDA:30,2,0,7
BRDA:30,2,1,0
BRDA:30,3,0,7
BRDA:30,3,1,7
BRF:8
BRH:6
end_of_record
TN:
SF:src\lib\scanner\registry.ts
FN:16,resolveScannerEngine
FNF:1
FNH:0
FNDA:0,resolveScannerEngine
DA:6,0
DA:17,0
DA:18,0
DA:19,0
DA:21,0
DA:22,0
LF:6
LH:0
BRDA:17,0,0,0
BRDA:17,0,1,0
BRDA:18,1,0,0
BRDA:18,1,1,0
BRDA:19,2,0,0
BRDA:19,2,1,0
BRDA:22,3,0,0
BRDA:22,3,1,0
BRF:8
BRH:0
end_of_record
TN:
SF:src\lib\scanner\engines\native-engine.ts
FN:7,createNativeEngine
FN:14,(anonymous_1)
FN:15,init
FN:19,detectFrame
FNF:4
FNH:0
FNDA:0,createNativeEngine
FNDA:0,(anonymous_1)
FNDA:0,init
FNDA:0,detectFrame
DA:3,0
DA:9,0
DA:10,0
DA:14,0
DA:17,0
DA:20,0
DA:21,0
DA:22,0
DA:23,0
DA:25,0
LF:10
LH:0
BRDA:14,0,0,0
BRDA:14,0,1,0
BRDA:20,1,0,0
BRDA:20,1,1,0
BRDA:23,2,0,0
BRDA:23,2,1,0
BRF:6
BRH:0
end_of_record
TN:
SF:src\lib\scanner\engines\zbar-engine.ts
FN:3,createZbarEngine
FN:14,(anonymous_1)
FN:17,init
FN:26,detectFrame
FNF:4
FNH:0
FNDA:0,createZbarEngine
FNDA:0,(anonymous_1)
FNDA:0,init
FNDA:0,detectFrame
DA:5,0
DA:6,0
DA:7,0
DA:9,0
DA:15,0
DA:18,0
DA:20,0
DA:21,0
DA:27,0
DA:28,0
DA:31,0
DA:34,0
DA:35,0
DA:37,0
DA:38,0
DA:41,0
DA:48,0
DA:49,0
DA:51,0
DA:59,0
DA:67,0
DA:69,0
DA:70,0
DA:73,0
DA:75,0
LF:25
LH:0
BRDA:27,0,0,0
BRDA:27,0,1,0
BRDA:27,1,0,0
BRDA:27,1,1,0
BRDA:27,1,2,0
BRDA:34,2,0,0
BRDA:34,2,1,0
BRDA:37,3,0,0
BRDA:37,3,1,0
BRDA:69,4,0,0
BRDA:69,4,1,0
BRDA:73,5,0,0
BRDA:73,5,1,0
BRF:13
BRH:0
end_of_record
TN:
SF:src\lib\scanner\engines\zxing-engine.ts
FN:6,createZXingEngine
FN:11,(anonymous_1)
FN:12,init
FN:15,startContinuous
FN:18,(anonymous_4)
FN:21,(anonymous_5)
FNF:6
FNH:0
FNDA:0,createZXingEngine
FNDA:0,(anonymous_1)
FNDA:0,init
FNDA:0,startContinuous
FNDA:0,(anonymous_4)
FNDA:0,(anonymous_5)
DA:7,0
DA:11,0
DA:16,0
DA:17,0
DA:18,0
DA:19,0
DA:21,0
LF:7
LH:0
BRDA:19,0,0,0
BRDA:19,0,1,0
BRF:2
BRH:0
end_of_record
TN:
SF:src\lib\utils\analytics.ts
FN:11,getDailyRevenue
FN:29,(anonymous_1)
FN:42,getTopProducts
FN:50,(anonymous_3)
FN:51,(anonymous_4)
FNF:5
FNH:0
FNDA:0,getDailyRevenue
FNDA:0,(anonymous_1)
FNDA:0,getTopProducts
FNDA:0,(anonymous_3)
FNDA:0,(anonymous_4)
DA:12,0
DA:13,0
DA:14,0
DA:16,0
DA:17,0
DA:18,0
DA:19,0
DA:22,0
DA:23,0
DA:24,0
DA:25,0
DA:29,0
DA:43,0
DA:44,0
DA:45,0
DA:46,0
DA:49,0
DA:50,0
DA:51,0
LF:19
LH:0
BRDA:11,0,0,0
BRDA:24,1,0,0
BRDA:24,1,1,0
BRDA:25,2,0,0
BRDA:25,2,1,0
BRDA:42,3,0,0
BRDA:46,4,0,0
BRDA:46,4,1,0
BRF:8
BRH:0
end_of_record
TN:
SF:src\lib\utils\barcode.ts
FN:8,normalizeBarcode
FN:12,isLikelyBarcode
FN:18,buildBarcodeIndex
FN:28,findProductByBarcode
FN:43,findProductByNameOrBarcode
FN:49,(anonymous_5)
FNF:6
FNH:4
FNDA:20,normalizeBarcode
FNDA:2,isLikelyBarcode
FNDA:1,buildBarcodeIndex
FNDA:2,findProductByBarcode
FNDA:0,findProductByNameOrBarcode
FNDA:0,(anonymous_5)
DA:9,20
DA:13,2
DA:14,2
DA:19,1
DA:20,1
DA:21,1
DA:22,1
DA:25,1
DA:32,2
DA:47,0
DA:48,0
DA:49,0
DA:51,0
LF:13
LH:9
BRDA:21,0,0,1
BRDA:21,0,1,0
BRDA:51,1,0,0
BRDA:51,1,1,0
BRF:4
BRH:1
end_of_record
TN:
SF:src\lib\utils\cash.ts
FN:1,getQuickCashAmounts
FN:9,(anonymous_1)
FNF:2
FNH:2
FNDA:6,getQuickCashAmounts
FNDA:16,(anonymous_1)
DA:2,6
DA:3,6
DA:4,6
DA:5,30
DA:6,30
DA:8,6
DA:9,16
LF:7
LH:7
BRDA:6,0,0,18
BRDA:6,0,1,12
BRF:2
BRH:2
end_of_record
TN:
SF:src\lib\utils\clear-local-data.ts
FN:5,clearLocalAppData
FN:7,(anonymous_1)
FN:8,(anonymous_2)
FNF:3
FNH:0
FNDA:0,clearLocalAppData
FNDA:0,(anonymous_1)
FNDA:0,(anonymous_2)
DA:1,0
DA:6,0
DA:7,0
DA:8,0
LF:4
LH:0
BRF:0
BRH:0
end_of_record
TN:
SF:src\lib\utils\cn.ts
FN:4,cn
FNF:1
FNH:0
FNDA:0,cn
DA:5,0
LF:1
LH:0
BRF:0
BRH:0
end_of_record
TN:
SF:src\lib\utils\csv.ts
FN:5,downloadCsv
FN:29,productsToCsv
FN:30,(anonymous_2)
FN:66,parseProductsCsv
FN:70,(anonymous_4)
FN:76,(anonymous_5)
FN:144,salesToCsv
FN:157,(anonymous_7)
FN:158,(anonymous_8)
FN:177,csvSafe
FNF:10
FNH:0
FNDA:0,downloadCsv
FNDA:0,productsToCsv
FNDA:0,(anonymous_2)
FNDA:0,parseProductsCsv
FNDA:0,(anonymous_4)
FNDA:0,(anonymous_5)
FNDA:0,salesToCsv
FNDA:0,(anonymous_7)
FNDA:0,(anonymous_8)
FNDA:0,csvSafe
DA:6,0
DA:7,0
DA:8,0
DA:9,0
DA:10,0
DA:11,0
DA:12,0
DA:13,0
DA:14,0
DA:17,0
DA:30,0
DA:42,0
DA:67,0
DA:70,0
DA:73,0
DA:74,0
DA:76,0
DA:77,0
DA:78,0
DA:79,0
DA:80,0
DA:81,0
DA:82,0
DA:84,0
DA:85,0
DA:86,0
DA:88,0
DA:89,0
DA:90,0
DA:92,0
DA:93,0
DA:94,0
DA:96,0
DA:97,0
DA:98,0
DA:100,0
DA:101,0
DA:102,0
DA:105,0
DA:110,0
DA:115,0
DA:116,0
DA:119,0
DA:126,0
DA:141,0
DA:145,0
DA:157,0
DA:158,0
DA:174,0
DA:178,0
LF:50
LH:0
BRDA:37,0,0,0
BRDA:37,0,1,0
BRDA:38,1,0,0
BRDA:38,1,1,0
BRDA:39,2,0,0
BRDA:39,2,1,0
BRDA:78,3,0,0
BRDA:78,3,1,0
BRDA:79,4,0,0
BRDA:79,4,1,0
BRDA:81,5,0,0
BRDA:81,5,1,0
BRDA:84,6,0,0
BRDA:84,6,1,0
BRDA:88,7,0,0
BRDA:88,7,1,0
BRDA:92,8,0,0
BRDA:92,8,1,0
BRDA:92,9,0,0
BRDA:92,9,1,0
BRDA:96,10,0,0
BRDA:96,10,1,0
BRDA:96,11,0,0
BRDA:96,11,1,0
BRDA:100,12,0,0
BRDA:100,12,1,0
BRDA:100,13,0,0
BRDA:100,13,1,0
BRDA:105,14,0,0
BRDA:105,14,1,0
BRDA:106,15,0,0
BRDA:106,15,1,0
BRDA:110,16,0,0
BRDA:110,16,1,0
BRDA:111,17,0,0
BRDA:111,17,1,0
BRDA:119,18,0,0
BRDA:119,18,1,0
BRDA:119,19,0,0
BRDA:119,19,1,0
BRDA:119,19,2,0
BRDA:119,19,3,0
BRDA:164,20,0,0
BRDA:164,20,1,0
BRDA:165,21,0,0
BRDA:165,21,1,0
BRDA:178,22,0,0
BRDA:178,22,1,0
BRF:48
BRH:0
end_of_record
TN:
SF:src\lib\utils\currency.ts
FN:6,getFormatter
FN:23,formatCurrency
FN:39,toCents
FN:43,fromCents
FN:47,calculateLineTotal
FN:51,calculateCartTotal
FN:54,(anonymous_6)
FNF:7
FNH:7
FNDA:2,getFormatter
FNDA:2,formatCurrency
FNDA:4,toCents
FNDA:3,fromCents
FNDA:1,calculateLineTotal
FNDA:2,calculateCartTotal
FNDA:3,(anonymous_6)
DA:1,3
DA:4,3
DA:7,2
DA:9,2
DA:10,2
DA:17,2
DA:20,2
DA:27,2
DA:29,2
DA:30,0
DA:36,2
DA:40,4
DA:44,3
DA:48,1
DA:54,2
DA:55,3
DA:59,2
LF:17
LH:16
BRDA:9,0,0,2
BRDA:9,0,1,0
BRDA:25,1,0,2
BRDA:27,2,0,2
BRDA:27,2,1,0
BRDA:29,3,0,0
BRDA:29,3,1,2
BRF:7
BRH:4
end_of_record
TN:
SF:src\lib\utils\dates.ts
FN:16,formatDateTime
FN:22,formatDate
FN:28,isToday
FNF:3
FNH:3
FNDA:2,formatDateTime
FNDA:2,formatDate
FNDA:2,isToday
DA:1,1
DA:9,1
DA:17,2
DA:18,2
DA:19,1
DA:23,2
DA:24,2
DA:25,1
DA:29,2
DA:30,2
DA:31,2
LF:11
LH:11
BRDA:18,0,0,1
BRDA:18,0,1,1
BRDA:24,1,0,1
BRDA:24,1,1,1
BRDA:32,2,0,2
BRDA:32,2,1,1
BRDA:32,2,2,1
BRF:7
BRH:7
end_of_record
TN:
SF:src\lib\utils\feedback.ts
FN:7,getContext
FN:18,beep
FN:33,playScanSuccess
FN:38,playScanError
FNF:4
FNH:0
FNDA:0,getContext
FNDA:0,beep
FNDA:0,playScanSuccess
FNDA:0,playScanError
DA:1,0
DA:5,0
DA:8,0
DA:9,0
DA:10,0
DA:13,0
DA:15,0
DA:19,0
DA:20,0
DA:21,0
DA:22,0
DA:23,0
DA:24,0
DA:25,0
DA:26,0
DA:27,0
DA:28,0
DA:29,0
DA:30,0
DA:34,0
DA:35,0
DA:39,0
DA:40,0
LF:23
LH:0
BRDA:8,0,0,0
BRDA:8,0,1,0
BRDA:9,1,0,0
BRDA:9,1,1,0
BRDA:10,2,0,0
BRDA:10,2,1,0
BRDA:13,3,0,0
BRDA:13,3,1,0
BRDA:18,4,0,0
BRDA:20,5,0,0
BRDA:20,5,1,0
BRDA:21,6,0,0
BRDA:21,6,1,0
BRDA:35,7,0,0
BRDA:35,7,1,0
BRDA:35,8,0,0
BRDA:35,8,1,0
BRDA:40,9,0,0
BRDA:40,9,1,0
BRDA:40,10,0,0
BRDA:40,10,1,0
BRF:21
BRH:0
end_of_record
TN:
SF:src\lib\utils\refund.ts
FN:7,getRefundedQuantity
FN:8,(anonymous_1)
FN:9,(anonymous_2)
FN:12,(anonymous_3)
FN:16,getSaleRefundedTotal
FN:17,(anonymous_5)
FN:20,getSaleNetTotal
FN:24,normalizeSale
FN:29,(anonymous_8)
FNF:9
FNH:7
FNDA:6,getRefundedQuantity
FNDA:6,(anonymous_1)
FNDA:6,(anonymous_2)
FNDA:5,(anonymous_3)
FNDA:4,getSaleRefundedTotal
FNDA:4,(anonymous_5)
FNDA:2,getSaleNetTotal
FNDA:0,normalizeSale
FNDA:0,(anonymous_8)
DA:8,6
DA:9,6
DA:10,6
DA:12,6
DA:17,4
DA:21,2
DA:25,0
DA:29,0
LF:8
LH:6
BRDA:8,0,0,6
BRDA:8,0,1,1
BRDA:10,1,0,6
BRDA:10,1,1,6
BRDA:10,2,0,6
BRDA:10,2,1,2
BRDA:10,3,0,6
BRDA:10,3,1,1
BRDA:17,4,0,4
BRDA:17,4,1,2
BRDA:28,5,0,0
BRDA:28,5,1,0
BRF:12
BRH:10
end_of_record
TN:
SF:src\lib\utils\reports.ts
FN:21,toDateKey
FN:28,buildEndOfDayReport
FN:31,(anonymous_2)
FN:32,(anonymous_3)
FN:54,(anonymous_4)
FN:55,(anonymous_5)
FN:57,(anonymous_6)
FNF:7
FNH:7
FNDA:10,toDateKey
FNDA:3,buildEndOfDayReport
FNDA:5,(anonymous_2)
FNDA:2,(anonymous_3)
FNDA:4,(anonymous_4)
FNDA:4,(anonymous_5)
FNDA:3,(anonymous_6)
DA:22,10
DA:23,10
DA:24,10
DA:25,10
DA:29,3
DA:30,3
DA:31,5
DA:32,2
DA:34,3
DA:35,3
DA:36,4
DA:37,4
DA:38,4
DA:45,4
DA:46,4
DA:47,4
DA:48,4
DA:51,3
DA:54,4
DA:55,4
DA:57,3
LF:21
LH:21
BRDA:36,0,0,4
BRDA:36,0,1,2
BRDA:37,1,0,4
BRDA:37,1,1,2
BRDA:38,2,0,4
BRDA:38,2,1,4
BRDA:46,3,0,4
BRDA:46,3,1,0
BRDA:55,4,0,4
BRDA:55,4,1,0
BRF:10
BRH:8
end_of_record
TN:
SF:src\lib\utils\search.ts
FN:20,normalizeSearchText
FN:23,(anonymous_1)
FN:38,matchesSearchQuery
FN:42,(anonymous_3)
FNF:4
FNH:0
FNDA:0,normalizeSearchText
FNDA:0,(anonymous_1)
FNDA:0,matchesSearchQuery
FNDA:0,(anonymous_3)
DA:7,2
DA:21,0
DA:23,0
DA:39,0
DA:40,0
DA:41,0
DA:42,0
LF:7
LH:1
BRDA:23,0,0,0
BRDA:23,0,1,0
BRDA:40,1,0,0
BRDA:40,1,1,0
BRF:4
BRH:0
end_of_record
TN:
SF:src\lib\validation\product-schema.ts
FN:21,(anonymous_0)
FNF:1
FNH:1
FNDA:7,(anonymous_0)
DA:3,1
DA:22,7
DA:23,1
DA:25,7
DA:26,2
DA:27,1
DA:33,2
DA:34,1
LF:8
LH:8
BRDA:22,0,0,1
BRDA:22,0,1,6
BRDA:22,1,0,7
BRDA:22,1,1,2
BRDA:25,2,0,2
BRDA:25,2,1,5
BRDA:25,3,0,7
BRDA:25,3,1,5
BRDA:26,4,0,1
BRDA:26,4,1,1
BRDA:26,5,0,2
BRDA:26,5,1,1
BRDA:33,6,0,1
BRDA:33,6,1,1
BRDA:33,7,0,2
BRDA:33,7,1,1
BRF:16
BRH:16
end_of_record
TN:
SF:src\stores\cart-store.ts
FN:40,lineIdFor
FN:56,matchesItem
FN:61,stepFor
FN:70,roundQuantity
FN:75,(anonymous_4)
FN:78,(anonymous_5)
FN:87,(anonymous_6)
FN:88,(anonymous_7)
FN:90,(anonymous_8)
FN:94,(anonymous_9)
FN:125,(anonymous_10)
FN:126,(anonymous_11)
FN:127,(anonymous_12)
FN:134,(anonymous_13)
FN:148,(anonymous_14)
FN:149,(anonymous_15)
FN:150,(anonymous_16)
FN:158,(anonymous_17)
FN:169,(anonymous_18)
FN:173,(anonymous_19)
FN:174,(anonymous_20)
FN:175,(anonymous_21)
FN:183,(anonymous_22)
FN:190,(anonymous_23)
FN:204,(anonymous_24)
FN:205,(anonymous_25)
FN:206,(anonymous_26)
FN:213,(anonymous_27)
FN:219,(anonymous_28)
FN:221,(anonymous_29)
FN:223,(anonymous_30)
FN:225,(anonymous_31)
FN:226,(anonymous_32)
FNF:33
FNH:27
FNDA:5,lineIdFor
FNDA:3,matchesItem
FNDA:1,stepFor
FNDA:7,roundQuantity
FNDA:1,(anonymous_4)
FNDA:5,(anonymous_5)
FNDA:5,(anonymous_6)
FNDA:5,(anonymous_7)
FNDA:1,(anonymous_8)
FNDA:1,(anonymous_9)
FNDA:0,(anonymous_10)
FNDA:0,(anonymous_11)
FNDA:0,(anonymous_12)
FNDA:0,(anonymous_13)
FNDA:1,(anonymous_14)
FNDA:1,(anonymous_15)
FNDA:1,(anonymous_16)
FNDA:1,(anonymous_17)
FNDA:1,(anonymous_18)
FNDA:1,(anonymous_19)
FNDA:1,(anonymous_20)
FNDA:1,(anonymous_21)
FNDA:0,(anonymous_22)
FNDA:1,(anonymous_23)
FNDA:1,(anonymous_24)
FNDA:1,(anonymous_25)
FNDA:1,(anonymous_26)
FNDA:1,(anonymous_27)
FNDA:4,(anonymous_28)
FNDA:0,(anonymous_29)
FNDA:1,(anonymous_30)
FNDA:1,(anonymous_31)
FNDA:1,(anonymous_32)
DA:41,5
DA:57,3
DA:62,1
DA:63,0
DA:71,7
DA:72,0
DA:75,1
DA:79,5
DA:88,5
DA:89,5
DA:90,5
DA:92,5
DA:93,1
DA:95,1
DA:108,4
DA:120,5
DA:126,0
DA:127,0
DA:129,0
DA:130,0
DA:133,0
DA:135,0
DA:149,1
DA:150,1
DA:152,1
DA:153,0
DA:156,1
DA:159,1
DA:169,1
DA:174,1
DA:175,1
DA:177,1
DA:178,0
DA:181,1
DA:182,0
DA:184,0
DA:189,1
DA:191,1
DA:205,1
DA:206,1
DA:208,1
DA:209,0
DA:212,1
DA:214,1
DA:219,4
DA:221,0
DA:223,1
DA:226,1
DA:228,1
LF:49
LH:35
BRDA:57,0,0,3
BRDA:57,0,1,3
BRDA:62,1,0,1
BRDA:62,1,1,0
BRDA:63,2,0,0
BRDA:63,2,1,0
BRDA:71,3,0,7
BRDA:71,3,1,0
BRDA:92,4,0,1
BRDA:92,4,1,4
BRDA:95,5,0,1
BRDA:95,5,1,0
BRDA:117,6,0,0
BRDA:117,6,1,4
BRDA:129,7,0,0
BRDA:129,7,1,0
BRDA:135,8,0,0
BRDA:135,8,1,0
BRDA:152,9,0,0
BRDA:152,9,1,1
BRDA:159,10,0,1
BRDA:159,10,1,0
BRDA:177,11,0,0
BRDA:177,11,1,1
BRDA:181,12,0,0
BRDA:181,12,1,1
BRDA:191,13,0,1
BRDA:191,13,1,0
BRDA:208,14,0,0
BRDA:208,14,1,1
BRDA:228,15,0,0
BRDA:228,15,1,1
BRF:32
BRH:15
end_of_record
TN:
SF:src\types\cart.ts
FNF:0
FNH:0
LF:0
LH:0
BRF:0
BRH:0
end_of_record
TN:
SF:src\types\employee.ts
FNF:0
FNH:0
LF:0
LH:0
BRF:0
BRH:0
end_of_record
TN:
SF:src\types\held-sale.ts
FNF:0
FNH:0
LF:0
LH:0
BRF:0
BRH:0
end_of_record
TN:
SF:src\types\product.ts
FN:36,getStockStatus
FNF:1
FNH:1
FNDA:7,getStockStatus
DA:32,2
DA:34,2
DA:40,7
DA:41,5
DA:42,2
LF:5
LH:5
BRDA:38,0,0,7
BRDA:40,1,0,2
BRDA:40,1,1,5
BRDA:41,2,0,3
BRDA:41,2,1,2
BRF:5
BRH:5
end_of_record
TN:
SF:src\types\sale.ts
FNF:0
FNH:0
LF:0
LH:0
BRF:0
BRH:0
end_of_record
TN:
SF:src\types\scanner.ts
FNF:0
FNH:0
LF:0
LH:0
BRF:0
BRH:0
end_of_record
